[  0%] Built target std_msgs_generate_messages_lisp
[  0%] Built target std_msgs_generate_messages_nodejs
[  0%] Built target std_msgs_generate_messages_cpp
[  0%] Built target std_msgs_generate_messages_eus
[  0%] Built target std_msgs_generate_messages_py
[  0%] Built target _move_robot_generate_messages_check_deps_NewGoal
[ 11%] Built target move_robot_generate_messages_nodejs
[ 22%] Built target move_robot_generate_messages_cpp
[ 33%] Built target move_robot_generate_messages_lisp
[ 55%] Built target move_robot_generate_messages_py
[35m[1mScanning dependencies of target MoveRobot[0m
[ 77%] Built target move_robot_generate_messages_eus
[ 88%] [32mBuilding CXX object CMakeFiles/MoveRobot.dir/src/move.cpp.o[0m
[ 88%] Built target move_robot_generate_messages
[01m[K/home/davide/Desktop/Pick_And_Delivery/Pick_And_Delivery/workspace/src/move_robot/src/move.cpp:[m[K In function â€˜[01m[Kint main(int, char**)[m[Kâ€™:
[01m[K/home/davide/Desktop/Pick_And_Delivery/Pick_And_Delivery/workspace/src/move_robot/src/move.cpp:127:13:[m[K [01;31m[Kerror: [m[Kâ€˜[01m[Kpub[m[Kâ€™ was not declared in this scope
             [01;31m[Kpub[m[K.publish(new_goal_msg); //PUÃ’ ESSERE FATTA DIRETTAMENTE NELLA CALLBACK?
             [01;31m[K^~~[m[K
[01m[K/home/davide/Desktop/Pick_And_Delivery/Pick_And_Delivery/workspace/src/move_robot/src/move.cpp:127:13:[m[K [01;36m[Knote: [m[Ksuggested alternative: â€˜[01m[Ksub[m[Kâ€™
             [01;36m[Kpub[m[K.publish(new_goal_msg); //PUÃ’ ESSERE FATTA DIRETTAMENTE NELLA CALLBACK?
             [01;36m[K^~~[m[K
             [32m[Ksub[m[K
CMakeFiles/MoveRobot.dir/build.make:62: recipe for target 'CMakeFiles/MoveRobot.dir/src/move.cpp.o' failed
make[2]: *** [CMakeFiles/MoveRobot.dir/src/move.cpp.o] Error 1
CMakeFiles/Makefile2:1009: recipe for target 'CMakeFiles/MoveRobot.dir/all' failed
make[1]: *** [CMakeFiles/MoveRobot.dir/all] Error 2
Makefile:140: recipe for target 'all' failed
make: *** [all] Error 2
