[  0%] Built target std_msgs_generate_messages_py
[  0%] Built target std_msgs_generate_messages_nodejs
[  0%] Built target std_msgs_generate_messages_cpp
[  0%] Built target std_msgs_generate_messages_lisp
[  0%] Built target std_msgs_generate_messages_eus
[  0%] Built target _move_robot_generate_messages_check_deps_NewGoal
[  9%] Built target move_robot_generate_messages_nodejs
[ 18%] Built target move_robot_generate_messages_cpp
[ 27%] Built target move_robot_generate_messages_lisp
[ 45%] Built target move_robot_generate_messages_py
[35m[1mScanning dependencies of target move[0m
[35m[1mScanning dependencies of target sender[0m
[ 54%] [32mBuilding CXX object CMakeFiles/move.dir/src/move.cpp.o[0m
[ 63%] [32mBuilding CXX object CMakeFiles/sender.dir/src/sender.cpp.o[0m
[ 81%] Built target move_robot_generate_messages_eus
[ 81%] Built target move_robot_generate_messages
[01m[K/home/davide/Desktop/Pick_And_Delivery/Pick_And_Delivery/workspace/src/move_robot/src/sender.cpp:87:10:[m[K [01;31m[Kerror: [m[Kexpected constructor, destructor, or type conversion before â€˜[01m[K([m[Kâ€™ token
     close[01;31m[K([m[Kfd);
          [01;31m[K^[m[K
[01m[K/home/davide/Desktop/Pick_And_Delivery/Pick_And_Delivery/workspace/src/move_robot/src/sender.cpp:89:5:[m[K [01;31m[Kerror: [m[Kexpected unqualified-id before â€˜[01m[Kreturn[m[Kâ€™
     [01;31m[Kreturn[m[K EXIT_SUCCESS;
     [01;31m[K^~~~~~[m[K
[01m[K/home/davide/Desktop/Pick_And_Delivery/Pick_And_Delivery/workspace/src/move_robot/src/sender.cpp:91:1:[m[K [01;31m[Kerror: [m[Kexpected declaration before â€˜[01m[K}[m[Kâ€™ token
 [01;31m[K}[m[K
 [01;31m[K^[m[K
CMakeFiles/sender.dir/build.make:62: recipe for target 'CMakeFiles/sender.dir/src/sender.cpp.o' failed
make[2]: *** [CMakeFiles/sender.dir/src/sender.cpp.o] Error 1
CMakeFiles/Makefile2:1302: recipe for target 'CMakeFiles/sender.dir/all' failed
make[1]: *** [CMakeFiles/sender.dir/all] Error 2
make[1]: *** Waiting for unfinished jobs....
[ 90%] [32m[1mLinking CXX executable /home/davide/Desktop/Pick_And_Delivery/Pick_And_Delivery/workspace/devel/.private/move_robot/lib/move_robot/move[0m
[ 90%] Built target move
Makefile:140: recipe for target 'all' failed
make: *** [all] Error 2
